Build started 5/11/2014 10:52:02 PM.
     1>Project "C:\Users\Nathan\Documents\VoxelEditor\VoxelEditor\VoxelEditor.vcxproj" on node 2 (Build target(s)).
     1>Link:
         C:\Program Files (x86)\Microsoft Visual Studio 12.0\VC\bin\link.exe /ERRORREPORT:PROMPT /OUT:"C:\Users\Nathan\Documents\VoxelEditor\Release\VoxelEditor.exe" /NOLOGO opengl32.lib glew32.lib SDL2.lib SDL2main.lib SOIL.lib kernel32.lib user32.lib gdi32.lib winspool.lib comdlg32.lib advapi32.lib shell32.lib ole32.lib oleaut32.lib uuid.lib odbc32.lib odbccp32.lib /MANIFEST /MANIFESTUAC:"level='asInvoker' uiAccess='false'" /manifest:embed /DEBUG /PDB:"C:\Users\Nathan\Documents\VoxelEditor\Release\VoxelEditor.pdb" /SUBSYSTEM:CONSOLE /OPT:REF /OPT:ICF /LTCG /TLBID:1 /DYNAMICBASE /NXCOMPAT /IMPLIB:"C:\Users\Nathan\Documents\VoxelEditor\Release\VoxelEditor.lib" /MACHINE:X86 /SAFESEH Release\Camera.obj
         Release\Errors.obj
         Release\FileManager.obj
         Release\GlobalStructs.obj
         Release\main.obj
         Release\Options.obj
         Release\Shader.obj
         Release\Texture.obj
         Release\VoxelEditor.obj
     1>SOIL.lib(SOIL.obj) : warning LNK4075: ignoring '/EDITANDCONTINUE' due to '/OPT:ICF' specification
     1>LINK : warning LNK4098: defaultlib 'MSVCRTD' conflicts with use of other libs; use /NODEFAULTLIB:library
         Generating code
         Finished generating code
         VoxelEditor.vcxproj -> C:\Users\Nathan\Documents\VoxelEditor\Release\VoxelEditor.exe
     1>Done Building Project "C:\Users\Nathan\Documents\VoxelEditor\VoxelEditor\VoxelEditor.vcxproj" (Build target(s)).

Build succeeded.

Time Elapsed 00:00:01.36
